

***********************************************************************
Fatal NI connect error 12541, connecting to:
 (DESCRIPTION=(ADDRESS=(PROTOCOL=TCP)(HOST=10.10.9.251)(PORT=1521))(CONNECT_DATA=(SERVICE_NAME=BOFAX1)(CID=(PROGRAM=C:\Users\salam\Documents\OpenVMS\ReferenceFiles\Sample?Showcasing?Oracle?To?MS-SQL?Data?Migartion\OracleDtaaMigrator\bin\x64\Debug\OracleDataMigrator.exe)(HOST=SALAM-PC)(USER=salam))))

  VERSION INFORMATION:
	TNS for 64-bit Windows: Version 10.2.0.5.0 - Production
	Windows NT TCP/IP NT Protocol Adapter for 64-bit Windows: Version 10.2.0.5.0 - Production
  Time: 30-APR-2024 14:58:40
  Tracing not turned on.
  Tns error struct:
    ns main err code: 12541
    TNS-12541: Message 12541 not found; No message file for product=NETWORK, facility=TNS
    ns secondary err code: 12560
    nt main err code: 511
    TNS-00511: Message 511 not found; No message file for product=NETWORK, facility=TNS
    nt secondary err code: 61
    nt OS err code: 0


***********************************************************************
Fatal NI connect error 12541, connecting to:
 (DESCRIPTION=(ADDRESS=(PROTOCOL=TCP)(HOST=10.10.9.251)(PORT=1521))(CONNECT_DATA=(SERVICE_NAME=OCI_SAMPLE.world)(CID=(PROGRAM=C:\Users\salam\Documents\OpenVMS\ReferenceFiles\Sample?Showcasing?Oracle?To?MS-SQL?Data?Migartion\OracleDtaaMigrator\bin\x64\Debug\OracleDataMigrator.exe)(HOST=SALAM-PC)(USER=salam))))

  VERSION INFORMATION:
	TNS for 64-bit Windows: Version 10.2.0.5.0 - Production
	Windows NT TCP/IP NT Protocol Adapter for 64-bit Windows: Version 10.2.0.5.0 - Production
  Time: 30-APR-2024 14:59:36
  Tracing not turned on.
  Tns error struct:
    ns main err code: 12541
    TNS-12541: Message 12541 not found; No message file for product=NETWORK, facility=TNS
    ns secondary err code: 12560
    nt main err code: 511
    TNS-00511: Message 511 not found; No message file for product=NETWORK, facility=TNS
    nt secondary err code: 61
    nt OS err code: 0


***********************************************************************
Fatal NI connect error 12541, connecting to:
 (DESCRIPTION=(ADDRESS=(PROTOCOL=TCP)(HOST=10.10.9.251)(PORT=1521))(CONNECT_DATA=(SERVICE_NAME=OCI_SAMPLE.world)(CID=(PROGRAM=C:\Users\salam\Documents\OpenVMS\ReferenceFiles\Sample?Showcasing?Oracle?To?MS-SQL?Data?Migartion\OracleDtaaMigrator\bin\x64\Debug\OracleDataMigrator.exe)(HOST=SALAM-PC)(USER=salam))))

  VERSION INFORMATION:
	TNS for 64-bit Windows: Version 10.2.0.5.0 - Production
	Windows NT TCP/IP NT Protocol Adapter for 64-bit Windows: Version 10.2.0.5.0 - Production
  Time: 30-APR-2024 15:00:10
  Tracing not turned on.
  Tns error struct:
    ns main err code: 12541
    TNS-12541: Message 12541 not found; No message file for product=NETWORK, facility=TNS
    ns secondary err code: 12560
    nt main err code: 511
    TNS-00511: Message 511 not found; No message file for product=NETWORK, facility=TNS
    nt secondary err code: 61
    nt OS err code: 0


***********************************************************************
Fatal NI connect error 12541, connecting to:
 (DESCRIPTION=(ADDRESS=(PROTOCOL=TCP)(HOST=10.100.72.201)(PORT=1527))(CONNECT_DATA=(SERVER=OCI_SAMPLE.world)(SERVICE_NAME=OraOLEDB.ORACLE)(CID=(PROGRAM=C:\Users\salam\Documents\OpenVMS\ReferenceFiles\Sample?Showcasing?Oracle?To?MS-SQL?Data?Migartion\OracleDtaaMigrator\bin\x64\Debug\OracleDataMigrator.exe)(HOST=SALAM-PC)(USER=salam))))

  VERSION INFORMATION:
	TNS for 64-bit Windows: Version 10.2.0.5.0 - Production
	Windows NT TCP/IP NT Protocol Adapter for 64-bit Windows: Version 10.2.0.5.0 - Production
  Time: 30-APR-2024 15:23:37
  Tracing not turned on.
  Tns error struct:
    ns main err code: 12541
    TNS-12541: Message 12541 not found; No message file for product=NETWORK, facility=TNS
    ns secondary err code: 12560
    nt main err code: 511
    TNS-00511: Message 511 not found; No message file for product=NETWORK, facility=TNS
    nt secondary err code: 61
    nt OS err code: 0


***********************************************************************
Fatal NI connect error 12545, connecting to:
 (DESCRIPTION=(ADDRESS=(PROTOCOL=TCP)(HOST=SMBCAS01)(PORT=1527))(CONNECT_DATA=(SERVICE_NAME=OCI_SAMPLE)(CID=(PROGRAM=C:\Users\salam\Documents\OpenVMS\ReferenceFiles\Sample?Showcasing?Oracle?To?MS-SQL?Data?Migartion\OracleDtaaMigrator\bin\x64\Debug\OracleDataMigrator.exe)(HOST=SALAM-PC)(USER=salam))))

  VERSION INFORMATION:
	TNS for 64-bit Windows: Version 10.2.0.5.0 - Production
	Windows NT TCP/IP NT Protocol Adapter for 64-bit Windows: Version 10.2.0.5.0 - Production
  Time: 03-MAY-2024 15:00:16
  Tracing not turned on.
  Tns error struct:
    ns main err code: 12545
    TNS-12545: Message 12545 not found; No message file for product=NETWORK, facility=TNS
    ns secondary err code: 12560
    nt main err code: 515
    TNS-00515: Message 515 not found; No message file for product=NETWORK, facility=TNS
    nt secondary err code: 1001
    nt OS err code: 0
